<?xml version="1.0" encoding="UTF-8"?>
<testng-results ignored="0" total="1" passed="1" failed="0" skipped="0">
  <reporter-output>
  </reporter-output>
  <suite started-at="2023-07-11T16:42:19Z" name="InetBankingV1" finished-at="2023-07-11T16:42:37Z" duration-ms="18030">
    <groups>
    </groups>
    <test started-at="2023-07-11T16:42:19Z" name="BankingApp Test" finished-at="2023-07-11T16:42:37Z" duration-ms="18030">
      <class name="com.InetBankingV1.testCase.TC_AddNewCustomerTest">
        <test-method is-config="true" signature="setUp(java.lang.String)[pri:0, instance:com.InetBankingV1.testCase.TC_AddNewCustomerTest@394a2528]" started-at="2023-07-11T16:42:19Z" name="setUp" finished-at="2023-07-11T16:42:25Z" duration-ms="5682" status="PASS">
          <params>
            <param index="0">
              <value>
                <![CDATA[chrome]]>
              </value>
            </param>
          </params>
          <reporter-output>
          </reporter-output>
        </test-method> <!-- setUp -->
        <test-method signature="Tc_AddNewCustomer_001()[pri:0, instance:com.InetBankingV1.testCase.TC_AddNewCustomerTest@394a2528]" started-at="2023-07-11T16:42:25Z" name="Tc_AddNewCustomer_001" finished-at="2023-07-11T16:42:37Z" duration-ms="11954" status="PASS">
          <reporter-output>
          </reporter-output>
        </test-method> <!-- Tc_AddNewCustomer_001 -->
        <test-method is-config="true" signature="tearDown()[pri:0, instance:com.InetBankingV1.testCase.TC_AddNewCustomerTest@394a2528]" started-at="2023-07-11T16:42:37Z" name="tearDown" finished-at="2023-07-11T16:42:37Z" duration-ms="213" status="PASS">
          <reporter-output>
          </reporter-output>
        </test-method> <!-- tearDown -->
      </class> <!-- com.InetBankingV1.testCase.TC_AddNewCustomerTest -->
    </test> <!-- BankingApp Test -->
  </suite> <!-- InetBankingV1 -->
</testng-results>
